[34m[1mwandb[0m: Downloading large artifact 'mnist-sqlite-data:latest', 69.69MB. 1 files...
[34m[1mwandb[0m:   1 of 1 files downloaded.
Done. 00:00:00.5 (150.6MB/s)
üîó Run linked to dataset artifact
üì¶ Artifact: mnist-sqlite-data:latest
üìÅ DB path: C:\Users\HP\Documents\repos\mlops-weights-&-biases\artifacts\mnist-sqlite-data-v0\mnist.db
100%|‚ñà‚ñà‚ñà‚ñà‚ñà‚ñà‚ñà‚ñà‚ñà‚ñà‚ñà‚ñà‚ñà‚ñà‚ñà‚ñà‚ñà‚ñà‚ñà‚ñà‚ñà‚ñà‚ñà‚ñà‚ñà‚ñà‚ñà‚ñà‚ñà‚ñà‚ñà‚ñà‚ñà‚ñà‚ñà‚ñà‚ñà‚ñà‚ñà‚ñà‚ñà‚ñà‚ñà‚ñà‚ñà‚ñà‚ñà‚ñà‚ñà‚ñà‚ñà‚ñà‚ñà‚ñà‚ñà‚ñà‚ñà‚ñà‚ñà‚ñà‚ñà‚ñà‚ñà‚ñà‚ñà‚ñà‚ñà‚ñà‚ñà‚ñà‚ñà‚ñà‚ñà‚ñà‚ñà‚ñà‚ñà‚ñà‚ñà‚ñà‚ñà‚ñà‚ñà‚ñà‚ñà‚ñà‚ñà‚ñà‚ñà‚ñà‚ñà‚ñà‚ñà‚ñà‚ñà‚ñà‚ñà‚ñà‚ñà‚ñà‚ñà‚ñà‚ñà‚ñà‚ñà‚ñà‚ñà‚ñà‚ñà‚ñà‚ñà‚ñà‚ñà‚ñà‚ñà‚ñà‚ñà‚ñà‚ñà‚ñà‚ñà‚ñà‚ñà‚ñà‚ñà‚ñà‚ñà‚ñà‚ñà‚ñà‚ñà‚ñà‚ñà‚ñà‚ñà| 5/5 [04:25<00:00, 53.15s/it]
Epoch 0 | Train Acc: 98.43% | Val Acc: 98.21%
Epoch 1 | Train Acc: 98.81% | Val Acc: 98.40%
Epoch 2 | Train Acc: 99.19% | Val Acc: 98.76%
Epoch 3 | Train Acc: 99.15% | Val Acc: 98.63%
Epoch 4 | Train Acc: 99.49% | Val Acc: 99.02%
üß™ Running final evaluation...
Final Test Metrics: {'test_accuracy': 0.9901, 'test_precision': 0.9901453492561046, 'test_recall': 0.9901, 'test_f1': 0.990090409272751}
[torch.onnx] Obtain model graph for `ConvNet([...]` with `torch.export.export(..., strict=False)`...
[torch.onnx] Obtain model graph for `ConvNet([...]` with `torch.export.export(..., strict=False)`... ‚úÖ
[torch.onnx] Run decomposition...
[torch.onnx] Run decomposition... ‚úÖ
[torch.onnx] Translate the graph into ONNX...
[torch.onnx] Translate the graph into ONNX... ‚úÖ
üì¶ Artifact metadata test: {'run_id': 'a73jf116', 'architecture': 'CNN', 'test_accuracy': 0.9901, 'test_precision': 0.9901453492561046, 'test_recall': 0.9901, 'test_f1': 0.990090409272751}
Traceback (most recent call last):
  File "C:\Users\HP\Documents\repos\mlops-weights-&-biases\venv\Lib\site-packages\wandb\sdk\wandb_config.py", line 165, in __getattr__
    return self.__getitem__(key)
           ~~~~~~~~~~~~~~~~^^^^^
  File "C:\Users\HP\Documents\repos\mlops-weights-&-biases\venv\Lib\site-packages\wandb\sdk\wandb_config.py", line 130, in __getitem__
    return self._items[key]
           ~~~~~~~~~~~^^^^^
KeyError: 'dict'

The above exception was the direct cause of the following exception:

Traceback (most recent call last):
  File "C:\Users\HP\Documents\repos\mlops-weights-&-biases\main.py", line 91, in <module>
    model_pipeline(PARAMS)
    ~~~~~~~~~~~~~~^^^^^^^^
  File "C:\Users\HP\Documents\repos\mlops-weights-&-biases\main.py", line 86, in model_pipeline
    test_model(model, test_loader, config, device, run)
    ~~~~~~~~~~^^^^^^^^^^^^^^^^^^^^^^^^^^^^^^^^^^^^^^^^^
  File "C:\Users\HP\Documents\repos\mlops-weights-&-biases\src\evaluator.py", line 90, in test_model
    artifact_metadata.update(config.dict())
                             ^^^^^^^^^^^
  File "C:\Users\HP\Documents\repos\mlops-weights-&-biases\venv\Lib\site-packages\wandb\sdk\wandb_config.py", line 167, in __getattr__
    raise AttributeError(
        f"{self.__class__!r} object has no attribute {key!r}"
    ) from ke
AttributeError: <class 'wandb.sdk.wandb_config.Config'> object has no attribute 'dict'
