[34m[1mwandb[0m: Downloading large artifact 'mnist-sqlite-data:latest', 69.69MB. 1 files...
[34m[1mwandb[0m:   1 of 1 files downloaded.
Done. 00:00:00.4 (158.5MB/s)
üîó Run linked to dataset artifact
üì¶ Artifact: mnist-sqlite-data:latest
üìÅ DB path: C:\Users\HP\Documents\repos\mlops-weights-&-biases\artifacts\mnist-sqlite-data-v0\mnist.db
Traceback (most recent call last):
  File "C:\Users\HP\Documents\repos\mlops-weights-&-biases\venv\Lib\site-packages\wandb\sdk\wandb_config.py", line 165, in __getattr__
    return self.__getitem__(key)
           ~~~~~~~~~~~~~~~~^^^^^
  File "C:\Users\HP\Documents\repos\mlops-weights-&-biases\venv\Lib\site-packages\wandb\sdk\wandb_config.py", line 130, in __getitem__
    return self._items[key]
           ~~~~~~~~~~~^^^^^
KeyError: 'db_path'

The above exception was the direct cause of the following exception:

Traceback (most recent call last):
  File "C:\Users\HP\Documents\repos\mlops-weights-&-biases\main.py", line 84, in <module>
    model_pipeline(PARAMS)
    ~~~~~~~~~~~~~~^^^^^^^^
  File "C:\Users\HP\Documents\repos\mlops-weights-&-biases\main.py", line 73, in model_pipeline
    model, train_loader, val_loader, test_loader, criterion, optimizer = make(config, device)
                                                                         ~~~~^^^^^^^^^^^^^^^^
  File "C:\Users\HP\Documents\repos\mlops-weights-&-biases\main.py", line 22, in make
    full_train_dataset = MNISTDatabaseDataset(config.db_path, split='train')
                                              ^^^^^^^^^^^^^^
  File "C:\Users\HP\Documents\repos\mlops-weights-&-biases\venv\Lib\site-packages\wandb\sdk\wandb_config.py", line 167, in __getattr__
    raise AttributeError(
        f"{self.__class__!r} object has no attribute {key!r}"
    ) from ke
AttributeError: <class 'wandb.sdk.wandb_config.Config'> object has no attribute 'db_path'
