2026-01-02 10:42:53,646 INFO    Thread-19 (_run_job):5296 [wandb_setup.py:_flush():80] Current SDK version is 0.23.1
2026-01-02 10:42:53,647 INFO    Thread-19 (_run_job):5296 [wandb_setup.py:_flush():80] Configure stats pid to 5296
2026-01-02 10:42:53,647 INFO    Thread-19 (_run_job):5296 [wandb_setup.py:_flush():80] Loading settings from C:\Users\HP\.config\wandb\settings
2026-01-02 10:42:53,647 INFO    Thread-19 (_run_job):5296 [wandb_setup.py:_flush():80] Loading settings from C:\Users\HP\Documents\repos\mlops-weights-&-biases\wandb\settings
2026-01-02 10:42:53,647 INFO    Thread-19 (_run_job):5296 [wandb_setup.py:_flush():80] Loading settings from environment variables
2026-01-02 10:42:53,647 INFO    Thread-19 (_run_job):5296 [wandb_init.py:setup_run_log_directory():714] Logging user logs to C:\Users\HP\Documents\repos\mlops-weights-&-biases\wandb\run-20260102_104253-0d4wb13w\logs\debug.log
2026-01-02 10:42:53,651 INFO    Thread-19 (_run_job):5296 [wandb_init.py:setup_run_log_directory():715] Logging internal logs to C:\Users\HP\Documents\repos\mlops-weights-&-biases\wandb\run-20260102_104253-0d4wb13w\logs\debug-internal.log
2026-01-02 10:42:53,651 INFO    Thread-19 (_run_job):5296 [wandb_init.py:init():841] calling init triggers
2026-01-02 10:42:53,651 INFO    Thread-19 (_run_job):5296 [wandb_init.py:init():846] wandb.init called with sweep_config: {'architecture': 'CNN', 'batch_size': 256, 'classes': 10, 'dataset': 'MNIST', 'dataset_artifact': 'mnist-sqlite-data:latest', 'db_path': 'data/mnist.db', 'epochs': 3, 'kernels': [32, 64], 'learning_rate': 0.002542263646481145, 'model_path': 'model/mnist.onnx'}
config: {'_wandb': {}}
2026-01-02 10:42:53,651 INFO    Thread-19 (_run_job):5296 [wandb_init.py:init():889] starting backend
2026-01-02 10:42:55,885 INFO    Thread-19 (_run_job):5296 [wandb_init.py:init():892] sending inform_init request
2026-01-02 10:42:55,888 INFO    Thread-19 (_run_job):5296 [wandb_init.py:init():900] backend started and connected
2026-01-02 10:42:55,888 INFO    Thread-19 (_run_job):5296 [wandb_run.py:_config_callback():1396] config_cb None None {'architecture': 'CNN', 'batch_size': 256, 'classes': 10, 'dataset': 'MNIST', 'dataset_artifact': 'mnist-sqlite-data:latest', 'db_path': 'data/mnist.db', 'epochs': 3, 'kernels': [32, 64], 'learning_rate': 0.002542263646481145, 'model_path': 'model/mnist.onnx'}
2026-01-02 10:42:55,889 INFO    Thread-19 (_run_job):5296 [wandb_init.py:init():970] updated telemetry
2026-01-02 10:42:55,931 INFO    Thread-19 (_run_job):5296 [wandb_init.py:init():994] communicating run to backend with 90.0 second timeout
2026-01-02 10:42:57,513 INFO    Thread-19 (_run_job):5296 [wandb_init.py:init():1041] starting run threads in backend
2026-01-02 10:42:57,608 INFO    Thread-19 (_run_job):5296 [wandb_run.py:_console_start():2521] atexit reg
2026-01-02 10:42:57,608 INFO    Thread-19 (_run_job):5296 [wandb_run.py:_redirect():2369] redirect: wrap_raw
2026-01-02 10:42:57,608 INFO    Thread-19 (_run_job):5296 [wandb_run.py:_redirect():2438] Wrapping output streams.
2026-01-02 10:42:57,608 INFO    Thread-19 (_run_job):5296 [wandb_run.py:_redirect():2461] Redirects installed.
2026-01-02 10:42:57,610 INFO    Thread-19 (_run_job):5296 [wandb_init.py:init():1081] run started, returning control to user process
2026-01-02 10:43:02,471 INFO    Thread-19 (_run_job):5296 [wandb_watch.py:_watch():68] Watching
2026-01-02 10:44:39,977 INFO    Thread-7 (_heartbeat):5296 [retry.py:__call__():164] [no run ID] Retry attempt failed:
Traceback (most recent call last):
  File "C:\Users\HP\Documents\repos\mlops-weights-&-biases\venv\Lib\site-packages\urllib3\connection.py", line 204, in _new_conn
    sock = connection.create_connection(
        (self._dns_host, self.port),
    ...<2 lines>...
        socket_options=self.socket_options,
    )
  File "C:\Users\HP\Documents\repos\mlops-weights-&-biases\venv\Lib\site-packages\urllib3\util\connection.py", line 60, in create_connection
    for res in socket.getaddrinfo(host, port, family, socket.SOCK_STREAM):
               ~~~~~~~~~~~~~~~~~~^^^^^^^^^^^^^^^^^^^^^^^^^^^^^^^^^^^^^^^^
  File "C:\Users\HP\AppData\Local\Programs\Python\Python313\Lib\socket.py", line 977, in getaddrinfo
    for res in _socket.getaddrinfo(host, port, family, type, proto, flags):
               ~~~~~~~~~~~~~~~~~~~^^^^^^^^^^^^^^^^^^^^^^^^^^^^^^^^^^^^^^^^
socket.gaierror: [Errno 11001] getaddrinfo failed

The above exception was the direct cause of the following exception:

Traceback (most recent call last):
  File "C:\Users\HP\Documents\repos\mlops-weights-&-biases\venv\Lib\site-packages\urllib3\connectionpool.py", line 787, in urlopen
    response = self._make_request(
        conn,
    ...<10 lines>...
        **response_kw,
    )
  File "C:\Users\HP\Documents\repos\mlops-weights-&-biases\venv\Lib\site-packages\urllib3\connectionpool.py", line 488, in _make_request
    raise new_e
  File "C:\Users\HP\Documents\repos\mlops-weights-&-biases\venv\Lib\site-packages\urllib3\connectionpool.py", line 464, in _make_request
    self._validate_conn(conn)
    ~~~~~~~~~~~~~~~~~~~^^^^^^
  File "C:\Users\HP\Documents\repos\mlops-weights-&-biases\venv\Lib\site-packages\urllib3\connectionpool.py", line 1093, in _validate_conn
    conn.connect()
    ~~~~~~~~~~~~^^
  File "C:\Users\HP\Documents\repos\mlops-weights-&-biases\venv\Lib\site-packages\urllib3\connection.py", line 759, in connect
    self.sock = sock = self._new_conn()
                       ~~~~~~~~~~~~~~^^
  File "C:\Users\HP\Documents\repos\mlops-weights-&-biases\venv\Lib\site-packages\urllib3\connection.py", line 211, in _new_conn
    raise NameResolutionError(self.host, self, e) from e
urllib3.exceptions.NameResolutionError: HTTPSConnection(host='api.wandb.ai', port=443): Failed to resolve 'api.wandb.ai' ([Errno 11001] getaddrinfo failed)

The above exception was the direct cause of the following exception:

Traceback (most recent call last):
  File "C:\Users\HP\Documents\repos\mlops-weights-&-biases\venv\Lib\site-packages\requests\adapters.py", line 644, in send
    resp = conn.urlopen(
        method=request.method,
    ...<9 lines>...
        chunked=chunked,
    )
  File "C:\Users\HP\Documents\repos\mlops-weights-&-biases\venv\Lib\site-packages\urllib3\connectionpool.py", line 841, in urlopen
    retries = retries.increment(
        method, url, error=new_e, _pool=self, _stacktrace=sys.exc_info()[2]
    )
  File "C:\Users\HP\Documents\repos\mlops-weights-&-biases\venv\Lib\site-packages\urllib3\util\retry.py", line 519, in increment
    raise MaxRetryError(_pool, url, reason) from reason  # type: ignore[arg-type]
    ^^^^^^^^^^^^^^^^^^^^^^^^^^^^^^^^^^^^^^^^^^^^^^^^^^^
urllib3.exceptions.MaxRetryError: HTTPSConnectionPool(host='api.wandb.ai', port=443): Max retries exceeded with url: /graphql (Caused by NameResolutionError("HTTPSConnection(host='api.wandb.ai', port=443): Failed to resolve 'api.wandb.ai' ([Errno 11001] getaddrinfo failed)"))

During handling of the above exception, another exception occurred:

Traceback (most recent call last):
  File "C:\Users\HP\Documents\repos\mlops-weights-&-biases\venv\Lib\site-packages\wandb\sdk\lib\retry.py", line 157, in __call__
    result = self._call_fn(*args, **kwargs)
  File "C:\Users\HP\Documents\repos\mlops-weights-&-biases\venv\Lib\site-packages\wandb\sdk\internal\internal_api.py", line 391, in execute
    return self.client.execute(*args, **kwargs)  # type: ignore
           ~~~~~~~~~~~~~~~~~~~^^^^^^^^^^^^^^^^^
  File "C:\Users\HP\Documents\repos\mlops-weights-&-biases\venv\Lib\site-packages\wandb\vendor\gql-0.2.0\wandb_gql\client.py", line 52, in execute
    result = self._get_result(document, *args, **kwargs)
  File "C:\Users\HP\Documents\repos\mlops-weights-&-biases\venv\Lib\site-packages\wandb\vendor\gql-0.2.0\wandb_gql\client.py", line 60, in _get_result
    return self.transport.execute(document, *args, **kwargs)
           ~~~~~~~~~~~~~~~~~~~~~~^^^^^^^^^^^^^^^^^^^^^^^^^^^
  File "C:\Users\HP\Documents\repos\mlops-weights-&-biases\venv\Lib\site-packages\wandb\sdk\lib\gql_request.py", line 70, in execute
    request = self.session.post(self.url, **post_args)
  File "C:\Users\HP\Documents\repos\mlops-weights-&-biases\venv\Lib\site-packages\requests\sessions.py", line 637, in post
    return self.request("POST", url, data=data, json=json, **kwargs)
           ~~~~~~~~~~~~^^^^^^^^^^^^^^^^^^^^^^^^^^^^^^^^^^^^^^^^^^^^^
  File "C:\Users\HP\Documents\repos\mlops-weights-&-biases\venv\Lib\site-packages\requests\sessions.py", line 589, in request
    resp = self.send(prep, **send_kwargs)
  File "C:\Users\HP\Documents\repos\mlops-weights-&-biases\venv\Lib\site-packages\requests\sessions.py", line 703, in send
    r = adapter.send(request, **kwargs)
  File "C:\Users\HP\Documents\repos\mlops-weights-&-biases\venv\Lib\site-packages\requests\adapters.py", line 677, in send
    raise ConnectionError(e, request=request)
requests.exceptions.ConnectionError: HTTPSConnectionPool(host='api.wandb.ai', port=443): Max retries exceeded with url: /graphql (Caused by NameResolutionError("HTTPSConnection(host='api.wandb.ai', port=443): Failed to resolve 'api.wandb.ai' ([Errno 11001] getaddrinfo failed)"))
2026-01-02 10:47:11,189 INFO    Thread-19 (_run_job):5296 [retry.py:__call__():164] Retry attempt failed:
Traceback (most recent call last):
  File "C:\Users\HP\Documents\repos\mlops-weights-&-biases\venv\Lib\site-packages\urllib3\connection.py", line 204, in _new_conn
    sock = connection.create_connection(
        (self._dns_host, self.port),
    ...<2 lines>...
        socket_options=self.socket_options,
    )
  File "C:\Users\HP\Documents\repos\mlops-weights-&-biases\venv\Lib\site-packages\urllib3\util\connection.py", line 60, in create_connection
    for res in socket.getaddrinfo(host, port, family, socket.SOCK_STREAM):
               ~~~~~~~~~~~~~~~~~~^^^^^^^^^^^^^^^^^^^^^^^^^^^^^^^^^^^^^^^^
  File "C:\Users\HP\AppData\Local\Programs\Python\Python313\Lib\socket.py", line 977, in getaddrinfo
    for res in _socket.getaddrinfo(host, port, family, type, proto, flags):
               ~~~~~~~~~~~~~~~~~~~^^^^^^^^^^^^^^^^^^^^^^^^^^^^^^^^^^^^^^^^
socket.gaierror: [Errno 11001] getaddrinfo failed

The above exception was the direct cause of the following exception:

Traceback (most recent call last):
  File "C:\Users\HP\Documents\repos\mlops-weights-&-biases\venv\Lib\site-packages\urllib3\connectionpool.py", line 787, in urlopen
    response = self._make_request(
        conn,
    ...<10 lines>...
        **response_kw,
    )
  File "C:\Users\HP\Documents\repos\mlops-weights-&-biases\venv\Lib\site-packages\urllib3\connectionpool.py", line 488, in _make_request
    raise new_e
  File "C:\Users\HP\Documents\repos\mlops-weights-&-biases\venv\Lib\site-packages\urllib3\connectionpool.py", line 464, in _make_request
    self._validate_conn(conn)
    ~~~~~~~~~~~~~~~~~~~^^^^^^
  File "C:\Users\HP\Documents\repos\mlops-weights-&-biases\venv\Lib\site-packages\urllib3\connectionpool.py", line 1093, in _validate_conn
    conn.connect()
    ~~~~~~~~~~~~^^
  File "C:\Users\HP\Documents\repos\mlops-weights-&-biases\venv\Lib\site-packages\urllib3\connection.py", line 759, in connect
    self.sock = sock = self._new_conn()
                       ~~~~~~~~~~~~~~^^
  File "C:\Users\HP\Documents\repos\mlops-weights-&-biases\venv\Lib\site-packages\urllib3\connection.py", line 211, in _new_conn
    raise NameResolutionError(self.host, self, e) from e
urllib3.exceptions.NameResolutionError: HTTPSConnection(host='api.wandb.ai', port=443): Failed to resolve 'api.wandb.ai' ([Errno 11001] getaddrinfo failed)

The above exception was the direct cause of the following exception:

Traceback (most recent call last):
  File "C:\Users\HP\Documents\repos\mlops-weights-&-biases\venv\Lib\site-packages\requests\adapters.py", line 644, in send
    resp = conn.urlopen(
        method=request.method,
    ...<9 lines>...
        chunked=chunked,
    )
  File "C:\Users\HP\Documents\repos\mlops-weights-&-biases\venv\Lib\site-packages\urllib3\connectionpool.py", line 841, in urlopen
    retries = retries.increment(
        method, url, error=new_e, _pool=self, _stacktrace=sys.exc_info()[2]
    )
  File "C:\Users\HP\Documents\repos\mlops-weights-&-biases\venv\Lib\site-packages\urllib3\util\retry.py", line 519, in increment
    raise MaxRetryError(_pool, url, reason) from reason  # type: ignore[arg-type]
    ^^^^^^^^^^^^^^^^^^^^^^^^^^^^^^^^^^^^^^^^^^^^^^^^^^^
urllib3.exceptions.MaxRetryError: HTTPSConnectionPool(host='api.wandb.ai', port=443): Max retries exceeded with url: /graphql (Caused by NameResolutionError("HTTPSConnection(host='api.wandb.ai', port=443): Failed to resolve 'api.wandb.ai' ([Errno 11001] getaddrinfo failed)"))

During handling of the above exception, another exception occurred:

Traceback (most recent call last):
  File "C:\Users\HP\Documents\repos\mlops-weights-&-biases\venv\Lib\site-packages\wandb\sdk\lib\retry.py", line 157, in __call__
    result = self._call_fn(*args, **kwargs)
  File "C:\Users\HP\Documents\repos\mlops-weights-&-biases\venv\Lib\site-packages\wandb\apis\public\api.py", line 123, in _wrapped
    return self._client.execute(*args, **kwargs)
           ~~~~~~~~~~~~~~~~~~~~^^^^^^^^^^^^^^^^^
  File "C:\Users\HP\Documents\repos\mlops-weights-&-biases\venv\Lib\site-packages\wandb\vendor\gql-0.2.0\wandb_gql\client.py", line 52, in execute
    result = self._get_result(document, *args, **kwargs)
  File "C:\Users\HP\Documents\repos\mlops-weights-&-biases\venv\Lib\site-packages\wandb\vendor\gql-0.2.0\wandb_gql\client.py", line 60, in _get_result
    return self.transport.execute(document, *args, **kwargs)
           ~~~~~~~~~~~~~~~~~~~~~~^^^^^^^^^^^^^^^^^^^^^^^^^^^
  File "C:\Users\HP\Documents\repos\mlops-weights-&-biases\venv\Lib\site-packages\wandb\sdk\lib\gql_request.py", line 70, in execute
    request = self.session.post(self.url, **post_args)
  File "C:\Users\HP\Documents\repos\mlops-weights-&-biases\venv\Lib\site-packages\requests\sessions.py", line 637, in post
    return self.request("POST", url, data=data, json=json, **kwargs)
           ~~~~~~~~~~~~^^^^^^^^^^^^^^^^^^^^^^^^^^^^^^^^^^^^^^^^^^^^^
  File "C:\Users\HP\Documents\repos\mlops-weights-&-biases\venv\Lib\site-packages\requests\sessions.py", line 589, in request
    resp = self.send(prep, **send_kwargs)
  File "C:\Users\HP\Documents\repos\mlops-weights-&-biases\venv\Lib\site-packages\requests\sessions.py", line 703, in send
    r = adapter.send(request, **kwargs)
  File "C:\Users\HP\Documents\repos\mlops-weights-&-biases\venv\Lib\site-packages\requests\adapters.py", line 677, in send
    raise ConnectionError(e, request=request)
requests.exceptions.ConnectionError: HTTPSConnectionPool(host='api.wandb.ai', port=443): Max retries exceeded with url: /graphql (Caused by NameResolutionError("HTTPSConnection(host='api.wandb.ai', port=443): Failed to resolve 'api.wandb.ai' ([Errno 11001] getaddrinfo failed)"))
2026-01-02 10:47:43,067 INFO    Thread-19 (_run_job):5296 [wandb_run.py:_finish():2287] finishing run kokrhui-ong-tng-digital/pytorch-sqlite-sweeps/0d4wb13w
2026-01-02 10:47:43,068 INFO    Thread-19 (_run_job):5296 [wandb_run.py:_atexit_cleanup():2486] got exitcode: 0
2026-01-02 10:47:43,068 INFO    Thread-19 (_run_job):5296 [wandb_run.py:_restore():2468] restore
2026-01-02 10:47:43,068 INFO    Thread-19 (_run_job):5296 [wandb_run.py:_restore():2474] restore done
2026-01-02 10:56:21,515 INFO    Thread-19 (_run_job):5296 [wandb_run.py:_footer_sync_info():3862] logging synced files
